# JRE version: Java(TM) SE Runtime Environment (8.0_191-b12) (build 1.8.0_191-b12)
# Java VM: Java HotSpot(TM) 64-Bit Server VM (25.191-b12 mixed mode windows-amd64 compressed oops)
Heap:
 PSYoungGen      total 483328K, used 432376K [0x0000000780700000, 0x00000007a2c80000, 0x00000007c0000000)
  eden space 469504K, 89% used [0x0000000780700000,0x0000000799fbe510,0x000000079d180000)
  from space 13824K, 99% used [0x00000007a0380000,0x00000007a10ffce8,0x00000007a1100000)
  to   space 23040K, 0% used [0x00000007a1600000,0x00000007a1600000,0x00000007a2c80000)
 ParOldGen       total 157184K, used 47174K [0x0000000701400000, 0x000000070ad80000, 0x0000000780700000)
  object space 157184K, 30% used [0x0000000701400000,0x0000000704211848,0x000000070ad80000)
 Metaspace       used 88227K, capacity 92814K, committed 93056K, reserved 1130496K
  class space    used 11548K, capacity 12312K, committed 12416K, reserved 1048576K
GC Heap History (10 events):
Event: 1736.806 GC heap before
{Heap before GC invocations=36 (full 6):
 PSYoungGen      total 455680K, used 5016K [0x0000000780700000, 0x00000007a4700000, 0x00000007c0000000)
  eden space 450560K, 0% used [0x0000000780700000,0x0000000780700000,0x000000079bf00000)
  from space 5120K, 97% used [0x00000007a4200000,0x00000007a46e6090,0x00000007a4700000)
  to   space 24064K, 0% used [0x00000007a1800000,0x00000007a1800000,0x00000007a2f80000)
 ParOldGen       total 157184K, used 44203K [0x0000000701400000, 0x000000070ad80000, 0x0000000780700000)
  object space 157184K, 28% used [0x0000000701400000,0x0000000703f2ac28,0x000000070ad80000)
 Metaspace       used 83456K, capacity 87914K, committed 88064K, reserved 1126400K
  class space    used 11202K, capacity 11947K, committed 12032K, reserved 1048576K
Event: 1737.114 GC heap after
Heap after GC invocations=36 (full 6):
 PSYoungGen      total 455680K, used 0K [0x0000000780700000, 0x00000007a4700000, 0x00000007c0000000)
  eden space 450560K, 0% used [0x0000000780700000,0x0000000780700000,0x000000079bf00000)
  from space 5120K, 0% used [0x00000007a4200000,0x00000007a4200000,0x00000007a4700000)
  to   space 24064K, 0% used [0x00000007a1800000,0x00000007a1800000,0x00000007a2f80000)
 ParOldGen       total 157184K, used 45157K [0x0000000701400000, 0x000000070ad80000, 0x0000000780700000)
  object space 157184K, 28% used [0x0000000701400000,0x00000007040194c8,0x000000070ad80000)
 Metaspace       used 83435K, capacity 87878K, committed 88064K, reserved 1126400K
  class space    used 11199K, capacity 11940K, committed 12032K, reserved 1048576K
}
Event: 1741.015 GC heap before
{Heap before GC invocations=37 (full 6):
 PSYoungGen      total 455680K, used 450560K [0x0000000780700000, 0x00000007a4700000, 0x00000007c0000000)
  eden space 450560K, 100% used [0x0000000780700000,0x000000079bf00000,0x000000079bf00000)
  from space 5120K, 0% used [0x00000007a4200000,0x00000007a4200000,0x00000007a4700000)
  to   space 24064K, 0% used [0x00000007a1800000,0x00000007a1800000,0x00000007a2f80000)
 ParOldGen       total 157184K, used 45157K [0x0000000701400000, 0x000000070ad80000, 0x0000000780700000)
  object space 157184K, 28% used [0x0000000701400000,0x00000007040194c8,0x000000070ad80000)
 Metaspace       used 84920K, capacity 89494K, committed 89728K, reserved 1126400K
  class space    used 11326K, capacity 12096K, committed 12160K, reserved 1048576K
Event: 1741.029 GC heap after
Heap after GC invocations=37 (full 6):
 PSYoungGen      total 472576K, used 13805K [0x0000000780700000, 0x00000007a4280000, 0x00000007c0000000)
  eden space 458752K, 0% used [0x0000000780700000,0x0000000780700000,0x000000079c700000)
  from space 13824K, 99% used [0x00000007a1800000,0x00000007a257b5f0,0x00000007a2580000)
  to   space 23040K, 0% used [0x00000007a2c00000,0x00000007a2c00000,0x00000007a4280000)
 ParOldGen       total 157184K, used 45165K [0x0000000701400000, 0x000000070ad80000, 0x0000000780700000)
  object space 157184K, 28% used [0x0000000701400000,0x000000070401b4c8,0x000000070ad80000)
 Metaspace       used 84920K, capacity 89494K, committed 89728K, reserved 1126400K
  class space    used 11326K, capacity 12096K, committed 12160K, reserved 1048576K
}
Event: 1773.595 GC heap before
{Heap before GC invocations=38 (full 6):
 PSYoungGen      total 472576K, used 396155K [0x0000000780700000, 0x00000007a4280000, 0x00000007c0000000)
  eden space 458752K, 83% used [0x0000000780700000,0x0000000797c63830,0x000000079c700000)
  from space 13824K, 99% used [0x00000007a1800000,0x00000007a257b5f0,0x00000007a2580000)
  to   space 23040K, 0% used [0x00000007a2c00000,0x00000007a2c00000,0x00000007a4280000)
 ParOldGen       total 157184K, used 45165K [0x0000000701400000, 0x000000070ad80000, 0x0000000780700000)
  object space 157184K, 28% used [0x0000000701400000,0x000000070401b4c8,0x000000070ad80000)
 Metaspace       used 85808K, capacity 90296K, committed 90496K, reserved 1128448K
  class space    used 11379K, capacity 12140K, committed 12160K, reserved 1048576K
Event: 1773.604 GC heap after
Heap after GC invocations=38 (full 6):
 PSYoungGen      total 464384K, used 5622K [0x0000000780700000, 0x00000007a3180000, 0x00000007c0000000)
  eden space 458752K, 0% used [0x0000000780700000,0x0000000780700000,0x000000079c700000)
  from space 5632K, 99% used [0x00000007a2c00000,0x00000007a317dac8,0x00000007a3180000)
  to   space 23552K, 0% used [0x00000007a0380000,0x00000007a0380000,0x00000007a1a80000)
 ParOldGen       total 157184K, used 45173K [0x0000000701400000, 0x000000070ad80000, 0x0000000780700000)
  object space 157184K, 28% used [0x0000000701400000,0x000000070401d4c8,0x000000070ad80000)
 Metaspace       used 85808K, capacity 90296K, committed 90496K, reserved 1128448K
  class space    used 11379K, capacity 12140K, committed 12160K, reserved 1048576K
}
Event: 1773.604 GC heap before
{Heap before GC invocations=39 (full 7):
 PSYoungGen      total 464384K, used 5622K [0x0000000780700000, 0x00000007a3180000, 0x00000007c0000000)
  eden space 458752K, 0% used [0x0000000780700000,0x0000000780700000,0x000000079c700000)
  from space 5632K, 99% used [0x00000007a2c00000,0x00000007a317dac8,0x00000007a3180000)
  to   space 23552K, 0% used [0x00000007a0380000,0x00000007a0380000,0x00000007a1a80000)
 ParOldGen       total 157184K, used 45173K [0x0000000701400000, 0x000000070ad80000, 0x0000000780700000)
  object space 157184K, 28% used [0x0000000701400000,0x000000070401d4c8,0x000000070ad80000)
 Metaspace       used 85808K, capacity 90296K, committed 90496K, reserved 1128448K
  class space    used 11379K, capacity 12140K, committed 12160K, reserved 1048576K
Event: 1773.838 GC heap after
Heap after GC invocations=39 (full 7):
 PSYoungGen      total 464384K, used 0K [0x0000000780700000, 0x00000007a3180000, 0x00000007c0000000)
  eden space 458752K, 0% used [0x0000000780700000,0x0000000780700000,0x000000079c700000)
  from space 5632K, 0% used [0x00000007a2c00000,0x00000007a2c00000,0x00000007a3180000)
  to   space 23552K, 0% used [0x00000007a0380000,0x00000007a0380000,0x00000007a1a80000)
 ParOldGen       total 157184K, used 47166K [0x0000000701400000, 0x000000070ad80000, 0x0000000780700000)
  object space 157184K, 30% used [0x0000000701400000,0x000000070420f848,0x000000070ad80000)
 Metaspace       used 85787K, capacity 90260K, committed 90496K, reserved 1128448K
  class space    used 11376K, capacity 12133K, committed 12160K, reserved 1048576K
}
Event: 1777.501 GC heap before
{Heap before GC invocations=40 (full 7):
 PSYoungGen      total 464384K, used 458752K [0x0000000780700000, 0x00000007a3180000, 0x00000007c0000000)
  eden space 458752K, 100% used [0x0000000780700000,0x000000079c700000,0x000000079c700000)
  from space 5632K, 0% used [0x00000007a2c00000,0x00000007a2c00000,0x00000007a3180000)
  to   space 23552K, 0% used [0x00000007a0380000,0x00000007a0380000,0x00000007a1a80000)
 ParOldGen       total 157184K, used 47166K [0x0000000701400000, 0x000000070ad80000, 0x0000000780700000)
  object space 157184K, 30% used [0x0000000701400000,0x000000070420f848,0x000000070ad80000)
 Metaspace       used 87225K, capacity 91774K, committed 91904K, reserved 1128448K
  class space    used 11493K, capacity 12272K, committed 12288K, reserved 1048576K
Event: 1777.513 GC heap after
Heap after GC invocations=40 (full 7):
 PSYoungGen      total 483328K, used 13823K [0x0000000780700000, 0x00000007a2c80000, 0x00000007c0000000)
  eden space 469504K, 0% used [0x0000000780700000,0x0000000780700000,0x000000079d180000)
  from space 13824K, 99% used [0x00000007a0380000,0x00000007a10ffce8,0x00000007a1100000)
  to   space 23040K, 0% used [0x00000007a1600000,0x00000007a1600000,0x00000007a2c80000)
 ParOldGen       total 157184K, used 47174K [0x0000000701400000, 0x000000070ad80000, 0x0000000780700000)
  object space 157184K, 30% used [0x0000000701400000,0x0000000704211848,0x000000070ad80000)
 Metaspace       used 87225K, capacity 91774K, committed 91904K, reserved 1128448K
  class space    used 11493K, capacity 12272K, committed 12288K, reserved 1048576K
}

